<?xml version="1.0" encoding="UTF-8"?>
<testng-results ignored="0" total="3" passed="3" failed="0" skipped="0">
  <reporter-output>
  </reporter-output>
  <suite started-at="2023-06-08T19:16:35 IST" name="Default suite" finished-at="2023-06-08T19:16:44 IST" duration-ms="8816">
    <groups>
    </groups>
    <test started-at="2023-06-08T19:16:35 IST" name="Default test" finished-at="2023-06-08T19:16:44 IST" duration-ms="8816">
      <class name="Listeners_Example.LoginToOrangeHRM">
        <test-method is-config="true" signature="launchBrowser()[pri:0, instance:Listeners_Example.LoginToOrangeHRM@815b41f]" started-at="2023-06-08T19:16:23 IST" name="launchBrowser" finished-at="2023-06-08T19:16:35 IST" duration-ms="11728" status="PASS">
          <reporter-output>
          </reporter-output>
        </test-method> <!-- launchBrowser -->
        <test-method is-config="true" signature="launcURL()[pri:0, instance:Listeners_Example.LoginToOrangeHRM@815b41f]" started-at="2023-06-08T19:16:35 IST" name="launcURL" finished-at="2023-06-08T19:16:40 IST" duration-ms="4618" status="PASS">
          <reporter-output>
          </reporter-output>
        </test-method> <!-- launcURL -->
        <test-method is-config="true" signature="maximizeBrowser()[pri:0, instance:Listeners_Example.LoginToOrangeHRM@815b41f]" started-at="2023-06-08T19:16:40 IST" name="maximizeBrowser" finished-at="2023-06-08T19:16:40 IST" duration-ms="361" status="PASS">
          <reporter-output>
          </reporter-output>
        </test-method> <!-- maximizeBrowser -->
        <test-method signature="enterUsername()[pri:1, instance:Listeners_Example.LoginToOrangeHRM@815b41f]" started-at="2023-06-08T19:16:40 IST" name="enterUsername" finished-at="2023-06-08T19:16:41 IST" duration-ms="1001" status="PASS">
          <reporter-output>
          </reporter-output>
        </test-method> <!-- enterUsername -->
        <test-method is-config="true" signature="maximizeBrowser1()[pri:0, instance:Listeners_Example.LoginToOrangeHRM@815b41f]" started-at="2023-06-08T19:16:41 IST" name="maximizeBrowser1" finished-at="2023-06-08T19:16:41 IST" duration-ms="225" status="PASS">
          <reporter-output>
          </reporter-output>
        </test-method> <!-- maximizeBrowser1 -->
        <test-method is-config="true" signature="maximizeBrowser()[pri:0, instance:Listeners_Example.LoginToOrangeHRM@815b41f]" started-at="2023-06-08T19:16:41 IST" name="maximizeBrowser" finished-at="2023-06-08T19:16:41 IST" duration-ms="61" status="PASS">
          <reporter-output>
          </reporter-output>
        </test-method> <!-- maximizeBrowser -->
        <test-method signature="enterPassword()[pri:2, instance:Listeners_Example.LoginToOrangeHRM@815b41f]" started-at="2023-06-08T19:16:41 IST" name="enterPassword" finished-at="2023-06-08T19:16:42 IST" duration-ms="592" status="PASS">
          <reporter-output>
          </reporter-output>
        </test-method> <!-- enterPassword -->
        <test-method is-config="true" signature="maximizeBrowser1()[pri:0, instance:Listeners_Example.LoginToOrangeHRM@815b41f]" started-at="2023-06-08T19:16:42 IST" name="maximizeBrowser1" finished-at="2023-06-08T19:16:42 IST" duration-ms="23" status="PASS">
          <reporter-output>
          </reporter-output>
        </test-method> <!-- maximizeBrowser1 -->
        <test-method is-config="true" signature="maximizeBrowser()[pri:0, instance:Listeners_Example.LoginToOrangeHRM@815b41f]" started-at="2023-06-08T19:16:42 IST" name="maximizeBrowser" finished-at="2023-06-08T19:16:42 IST" duration-ms="33" status="PASS">
          <reporter-output>
          </reporter-output>
        </test-method> <!-- maximizeBrowser -->
        <test-method signature="clickLogin()[pri:3, instance:Listeners_Example.LoginToOrangeHRM@815b41f]" started-at="2023-06-08T19:16:42 IST" name="clickLogin" finished-at="2023-06-08T19:16:44 IST" duration-ms="1659" status="PASS">
          <reporter-output>
          </reporter-output>
        </test-method> <!-- clickLogin -->
        <test-method is-config="true" signature="maximizeBrowser1()[pri:0, instance:Listeners_Example.LoginToOrangeHRM@815b41f]" started-at="2023-06-08T19:16:44 IST" name="maximizeBrowser1" finished-at="2023-06-08T19:16:44 IST" duration-ms="16" status="PASS">
          <reporter-output>
          </reporter-output>
        </test-method> <!-- maximizeBrowser1 -->
        <test-method is-config="true" signature="closeBrowser()[pri:0, instance:Listeners_Example.LoginToOrangeHRM@815b41f]" started-at="2023-06-08T19:16:44 IST" name="closeBrowser" finished-at="2023-06-08T19:16:46 IST" duration-ms="1982" status="PASS">
          <reporter-output>
          </reporter-output>
        </test-method> <!-- closeBrowser -->
      </class> <!-- Listeners_Example.LoginToOrangeHRM -->
    </test> <!-- Default test -->
  </suite> <!-- Default suite -->
</testng-results>
