<?xml version="1.0" encoding="UTF-8"?>
<!-- Generated by org.testng.reporters.JUnitXMLReporter -->
<testsuite ignored="0" hostname="LAPTOP-3BL16AQ1" failures="0" tests="3" name="Default test" time="8.816" errors="0" timestamp="2023-06-08T19:16:44 IST">
  <testcase classname="Listeners_Example.LoginToOrangeHRM" name="enterUsername" time="1.001"/>
  <testcase classname="Listeners_Example.LoginToOrangeHRM" name="enterPassword" time="0.592"/>
  <testcase classname="Listeners_Example.LoginToOrangeHRM" name="clickLogin" time="1.659"/>
</testsuite> <!-- Default test -->
