<?xml version="1.0" encoding="UTF-8"?>
<!-- Generated by org.testng.reporters.JUnitXMLReporter -->
<testsuite ignored="0" hostname="LAPTOP-3BL16AQ1" failures="0" tests="6" name="Test" time="32.355" errors="0" timestamp="2023-06-01T19:24:14 IST">
  <testcase classname="TestNG_Examples.LoginToOrangeHRM_Edge" name="enterUsername" time="0.881"/>
  <testcase classname="TestNG_Examples.LoginToOrangeHRM_Chrome" name="enterUsername" time="2.587"/>
  <testcase classname="TestNG_Examples.LoginToOrangeHRM_Edge" name="enterPassword" time="0.588"/>
  <testcase classname="TestNG_Examples.LoginToOrangeHRM_Chrome" name="enterPassword" time="1.245"/>
  <testcase classname="TestNG_Examples.LoginToOrangeHRM_Edge" name="clickLogin" time="2.794"/>
  <testcase classname="TestNG_Examples.LoginToOrangeHRM_Chrome" name="clickLogin" time="2.713"/>
</testsuite> <!-- Test -->
